<?xml version="1.0" encoding="UTF-8"?>
<testsuite xmlns:xsi="http://www.w3.org/2001/XMLSchema-instance" xsi:noNamespaceSchemaLocation="https://maven.apache.org/surefire/maven-surefire-plugin/xsd/surefire-test-report.xsd" name="io.javabrains.MathUtilsTest" time="0.043" tests="3" errors="0" skipped="0" failures="0">
  <properties>
[...]
</properties>
  <testcase name="throw_if_argument_is_zero" classname="io.javabrains.MathUtilsTest" time="0.02"/>
  <testcase name="add_two_numbers" classname="io.javabrains.MathUtilsTest" time="0.001"/>
  <testcase name="compute_circle_area" classname="io.javabrains.MathUtilsTest" time="0.002"/>
</testsuite>